No configs found; falling back on auto-configuration
No configs specified for hadoop runner
Looking for hadoop binary in /usr/local/hadoop/bin...
Found hadoop binary: /usr/local/hadoop/bin/hadoop
Using Hadoop version 3.3.1
Creating temp directory /tmp/conversion.ubuntu.20220303.143744.948255
uploading working dir files to hdfs:///user/ubuntu/tmp/mrjob/conversion.ubuntu.20220303.143744.948255/files/wd...
Copying other local files to hdfs:///user/ubuntu/tmp/mrjob/conversion.ubuntu.20220303.143744.948255/files/
Running step 1 of 2...
  packageJobJar: [/tmp/hadoop-unjar5449086198217012041/] [] /tmp/streamjob7797690672157217973.jar tmpDir=null
  Connecting to ResourceManager at namenode/10.10.1.206:8032
  Connecting to ResourceManager at namenode/10.10.1.206:8032
  Disabling Erasure Coding for path: /tmp/hadoop-yarn/staging/ubuntu/.staging/job_1646237260817_0002
  Total input files to process : 1
  number of splits:105
  Submitting tokens for job: job_1646237260817_0002
  Executing with tokens: []
  resource-types.xml not found
  Unable to find 'resource-types.xml'.
  Submitted application application_1646237260817_0002
  The url to track the job: http://namenode:8088/proxy/application_1646237260817_0002/
  Running job: job_1646237260817_0002
  Job job_1646237260817_0002 running in uber mode : false
   map 0% reduce 0%
   map 3% reduce 0%
   map 4% reduce 0%
   map 6% reduce 0%
   map 8% reduce 0%
   map 9% reduce 0%
   map 10% reduce 0%
   map 11% reduce 0%
   map 13% reduce 0%
   map 15% reduce 0%
   map 17% reduce 0%
   map 18% reduce 0%
   map 20% reduce 0%
   map 21% reduce 0%
   map 22% reduce 0%
   map 24% reduce 0%
   map 27% reduce 0%
   map 28% reduce 0%
   map 30% reduce 0%
   map 31% reduce 0%
   map 32% reduce 0%
   map 34% reduce 0%
   map 36% reduce 0%
   map 37% reduce 0%
   map 39% reduce 0%
   map 41% reduce 0%
   map 42% reduce 0%
   map 43% reduce 0%
   map 44% reduce 0%
   map 45% reduce 0%
   map 46% reduce 0%
   map 47% reduce 0%
   map 48% reduce 0%
   map 52% reduce 0%
   map 53% reduce 0%
   map 55% reduce 0%
   map 56% reduce 0%
   map 57% reduce 0%
   map 58% reduce 0%
   map 60% reduce 0%
   map 61% reduce 0%
   map 62% reduce 0%
   map 65% reduce 0%
   map 66% reduce 0%
   map 67% reduce 0%
   map 68% reduce 0%
   map 69% reduce 0%
   map 70% reduce 0%
   map 72% reduce 0%
   map 73% reduce 0%
   map 74% reduce 0%
   map 76% reduce 0%
   map 77% reduce 0%
   map 78% reduce 0%
   map 79% reduce 0%
   map 80% reduce 0%
   map 81% reduce 0%
   map 82% reduce 0%
   map 83% reduce 0%
   map 84% reduce 0%
   map 85% reduce 0%
   map 86% reduce 0%
   map 88% reduce 0%
   map 89% reduce 0%
   map 91% reduce 0%
   map 92% reduce 0%
   map 93% reduce 0%
   map 94% reduce 0%
   map 95% reduce 0%
   map 96% reduce 0%
   map 99% reduce 0%
   map 100% reduce 0%
  Job job_1646237260817_0002 completed successfully
  Output directory: hdfs:///user/ubuntu/tmp/mrjob/conversion.ubuntu.20220303.143744.948255/step-output/0000
Counters: 35
	File Input Format Counters 
		Bytes Read=13987066880
	File Output Format Counters 
		Bytes Written=16409505908
	File System Counters
		FILE: Number of bytes read=0
		FILE: Number of bytes written=29115760
		FILE: Number of large read operations=0
		FILE: Number of read operations=0
		FILE: Number of write operations=0
		HDFS: Number of bytes read=13987077170
		HDFS: Number of bytes read erasure-coded=0
		HDFS: Number of bytes written=16409505908
		HDFS: Number of large read operations=0
		HDFS: Number of read operations=735
		HDFS: Number of write operations=210
	Job Counters 
		Data-local map tasks=104
		Killed map tasks=1
		Launched map tasks=106
		Rack-local map tasks=2
		Total megabyte-milliseconds taken by all map tasks=4177724416
		Total time spent by all map tasks (ms)=4079809
		Total time spent by all maps in occupied slots (ms)=4079809
		Total time spent by all reduces in occupied slots (ms)=0
		Total vcore-milliseconds taken by all map tasks=4079809
	Map-Reduce Framework
		CPU time spent (ms)=1311710
		Failed Shuffles=0
		GC time elapsed (ms)=23160
		Input split bytes=10290
		Map input records=144650364
		Map output records=36162528
		Merged Map outputs=0
		Peak Map Physical memory (bytes)=344817664
		Peak Map Virtual memory (bytes)=2588299264
		Physical memory (bytes) snapshot=25924562944
		Spilled Records=0
		Total committed heap usage (bytes)=22587375616
		Virtual memory (bytes) snapshot=268217491456
Running step 2 of 2...
  packageJobJar: [/tmp/hadoop-unjar4233426609902995979/] [] /tmp/streamjob6429186585016324255.jar tmpDir=null
  Connecting to ResourceManager at namenode/10.10.1.206:8032
  Connecting to ResourceManager at namenode/10.10.1.206:8032
  Disabling Erasure Coding for path: /tmp/hadoop-yarn/staging/ubuntu/.staging/job_1646237260817_0003
  Total input files to process : 105
  number of splits:209
  Submitting tokens for job: job_1646237260817_0003
  Executing with tokens: []
  resource-types.xml not found
  Unable to find 'resource-types.xml'.
  Submitted application application_1646237260817_0003
  The url to track the job: http://namenode:8088/proxy/application_1646237260817_0003/
  Running job: job_1646237260817_0003
  Job job_1646237260817_0003 running in uber mode : false
   map 0% reduce 0%
   map 1% reduce 0%
   map 2% reduce 0%
   map 3% reduce 0%
   map 4% reduce 0%
   map 5% reduce 0%
   map 6% reduce 0%
   map 7% reduce 0%
   map 8% reduce 0%
   map 9% reduce 0%
   map 10% reduce 0%
   map 11% reduce 0%
   map 12% reduce 0%
   map 13% reduce 0%
   map 14% reduce 0%
   map 15% reduce 0%
   map 16% reduce 0%
   map 17% reduce 0%
   map 18% reduce 0%
   map 19% reduce 0%
   map 20% reduce 0%
   map 21% reduce 0%
   map 22% reduce 0%
   map 23% reduce 0%
   map 24% reduce 0%
   map 25% reduce 0%
   map 26% reduce 0%
   map 27% reduce 0%
   map 28% reduce 0%
   map 29% reduce 0%
   map 30% reduce 0%
   map 31% reduce 0%
   map 32% reduce 0%
   map 33% reduce 0%
   map 34% reduce 0%
   map 35% reduce 0%
   map 36% reduce 0%
   map 37% reduce 0%
   map 38% reduce 0%
   map 39% reduce 0%
   map 40% reduce 0%
   map 41% reduce 0%
   map 42% reduce 0%
   map 43% reduce 0%
   map 44% reduce 0%
   map 45% reduce 0%
   map 46% reduce 0%
   map 47% reduce 0%
   map 48% reduce 0%
   map 49% reduce 0%
   map 50% reduce 0%
   map 51% reduce 0%
   map 52% reduce 0%
   map 53% reduce 0%
   map 54% reduce 0%
   map 55% reduce 0%
   map 56% reduce 0%
   map 57% reduce 0%
   map 58% reduce 0%
   map 59% reduce 0%
   map 60% reduce 0%
   map 61% reduce 0%
   map 62% reduce 0%
   map 63% reduce 0%
   map 64% reduce 0%
   map 65% reduce 0%
   map 66% reduce 0%
   map 67% reduce 0%
   map 68% reduce 0%
   map 69% reduce 0%
   map 70% reduce 0%
   map 71% reduce 0%
   map 72% reduce 0%
   map 73% reduce 0%
   map 74% reduce 0%
   map 75% reduce 0%
   map 76% reduce 0%
   map 77% reduce 0%
   map 78% reduce 0%
   map 79% reduce 0%
   map 80% reduce 0%
   map 81% reduce 0%
   map 82% reduce 0%
   map 83% reduce 0%
   map 84% reduce 0%
   map 85% reduce 0%
   map 86% reduce 0%
   map 87% reduce 0%
   map 88% reduce 0%
   map 89% reduce 0%
   map 90% reduce 0%
   map 91% reduce 0%
   map 92% reduce 0%
   map 93% reduce 0%
   map 94% reduce 0%
   map 95% reduce 0%
   map 96% reduce 0%
   map 97% reduce 0%
   map 98% reduce 0%
   map 99% reduce 0%
   map 100% reduce 0%
  Job job_1646237260817_0003 completed successfully
  Output directory: hdfs:///files/SRR17981961_1.G1
Counters: 33
	File Input Format Counters 
		Bytes Read=16409931892
	File Output Format Counters 
		Bytes Written=9489585965
	File System Counters
		FILE: Number of bytes read=0
		FILE: Number of bytes written=57954127
		FILE: Number of large read operations=0
		FILE: Number of read operations=0
		FILE: Number of write operations=0
		HDFS: Number of bytes read=16409965959
		HDFS: Number of bytes read erasure-coded=0
		HDFS: Number of bytes written=9489585965
		HDFS: Number of large read operations=0
		HDFS: Number of read operations=1463
		HDFS: Number of write operations=418
	Job Counters 
		Data-local map tasks=210
		Launched map tasks=210
		Total megabyte-milliseconds taken by all map tasks=33248202752
		Total time spent by all map tasks (ms)=32468948
		Total time spent by all maps in occupied slots (ms)=32468948
		Total time spent by all reduces in occupied slots (ms)=0
		Total vcore-milliseconds taken by all map tasks=32468948
	Map-Reduce Framework
		CPU time spent (ms)=16261270
		Failed Shuffles=0
		GC time elapsed (ms)=30693
		Input split bytes=34067
		Map input records=36162528
		Map output records=36162528
		Merged Map outputs=0
		Peak Map Physical memory (bytes)=358285312
		Peak Map Virtual memory (bytes)=2605203456
		Physical memory (bytes) snapshot=48134070272
		Spilled Records=0
		Total committed heap usage (bytes)=39505625088
		Virtual memory (bytes) snapshot=533767626752
job output is in hdfs:///files/SRR17981961_1.G1
Removing HDFS temp directory hdfs:///user/ubuntu/tmp/mrjob/conversion.ubuntu.20220303.143744.948255...
Removing temp directory /tmp/conversion.ubuntu.20220303.143744.948255...
